[quantumlabtemplate.webflow.iohome-v1.html.html]
[backblue.gif]
[fade.gif]
[index.html]
[quantumlabtemplate.webflow.io/home-pages/home-v2.html]
[quantumlabtemplate.webflow.io/home-pages/home-v3.html]
[ajax.googleapis.com/ajax/libs/webfont/1.6.26/webfont.js]
[cdn.prod.website-files.com/68a342b7066c56fa60eb3af1/68a612636043d8e5dcb04ad0_about-us-video-thumbnail-quantum-webflow-template.jpg]
[cdn.prod.website-files.com/68a342b7066c56fa60eb3b39/68a6e7e2a643b738b2cb06fc_ai-powered-predictive-models-and-their-impact-thumbnail-quantum-webflow-template.png]
[cdn.prod.website-files.com/68a342b7066c56fa60eb3b39/68a6e7c24025d4081cbfa426_how-ai-is-shaping-the-future-thumbnail-quantum-webflow-template.png]
[cdn.prod.website-files.com/68a342b7066c56fa60eb3af1/js/webflow.schunk.1781fa3fcd2209b2.js]
[cdn.prod.website-files.com/68a342b7066c56fa60eb3af1/690521077a4dbcce40866f20_webflow-logo.png]
[cdn.prod.website-files.com/68a342b7066c56fa60eb3af1/js/webflow.134c3f86.df5a8773c5822d2b.js]
[cdn.prod.website-files.com/68a342b7066c56fa60eb3af1/690521077a4dbcce40866f1d_customize-your-webflow-template-brix-templates.png]
[quantumlabtemplate.webflow.iohome-v1.html.html]
[d3e54v103j8qbb.cloudfront.net/js/jquery-3.5.1.min.dc5e7f18c88014.js]
[cdn.prod.website-files.com/gsap/3.14.2/gsap.min.js]
[cdn.prod.website-files.com/68a342b7066c56fa60eb3af1/css/quantumlabtemplate.webflow.shared.67446218a.css]
[cdn.prod.website-files.com/68a342b7066c56fa60eb3af1/js/webflow.schunk.e0c428ff9737f919.js]
[cdn.prod.website-files.com/68a342b7066c56fa60eb3af1/js/webflow.schunk.85a2021882e7f196.js]
[cdn.prod.website-files.com/gsap/3.14.2/ScrollTrigger.min.js]
[cdn.prod.website-files.com/gsap/3.14.2/Observer.min.js]
[cdn.prod.website-files.com/gsap/3.14.2/SplitText.min.js]
[quantumlabtemplate.webflow.io/home-pages/home-v2.html]
[cdn.prod.website-files.com/68a342b7066c56fa60eb3af1/js/webflow.e6140340.a4646fe79dd89744.js]
[cdn.prod.website-files.com/68a342b7066c56fa60eb3af1/68a8da69d3f5d729867d7712_john-carter-avatar-quantum-webflow-template.jpg]
[cdn.prod.website-files.com/68a342b7066c56fa60eb3af1/68a8da6a26ee83cb9b5abbbe_sophie-moore-avatar-quantum-webflow-template.jpg]
[cdn.prod.website-files.com/68a342b7066c56fa60eb3af1/68a8da697c661b094b8b687b_matt-cannon-avatar-quantum-webflow-template.jpg]
[quantumlabtemplate.webflow.io/home-pages/home-v3.html]
